*   commit c4c9b7c4cd1300b1b36262093e779722098d16df
|\  Merge: 47a9da0 9449a11
| | Author: bai-cao <2944717202@qq.com>
| | Date:   Mon Jun 16 16:57:06 2025 +0800
| | 
| |     fix conflicts in main.txt
| | 
| * commit 9449a11cc2fefdb22a133c8263d11b8704c35cbc
| | Author: bai-cao <2944717202@qq.com>
| | Date:   Mon Jun 16 16:42:19 2025 +0800
| | 
| |     main:add main.txt
| | 
| * commit 8b58b4cb4391265dc484443b489b05bede4c9469
| | Author: bai-cao <2944717202@qq.com>
| | Date:   Mon Jun 16 16:19:26 2025 +0800
| | 
| |     main:delete lowcase 16:18
| | 
| * commit e12b92a946af9866d14c08c7915569dfed7a2671
| | Author: bai-cao <2944717202@qq.com>
| | Date:   Mon Jun 16 13:35:14 2025 +0800
| | 
| |     test_branch add W 13:36
| | 
| * commit 5c2779741af1491436d5f49e569e871bcbfe6564
| | Author: bai-cao <2944717202@qq.com>
| | Date:   Mon Jun 16 13:35:02 2025 +0800
| | 
| |     test_branch add Z 13:35
